TN:
SF:src/database.ts
FN:22,(anonymous_9)
FN:54,(anonymous_10)
FN:119,(anonymous_11)
FN:128,(anonymous_12)
FN:132,(anonymous_13)
FN:138,(anonymous_14)
FN:157,(anonymous_15)
FN:169,(anonymous_16)
FN:170,(anonymous_17)
FN:173,(anonymous_18)
FN:174,(anonymous_19)
FN:177,(anonymous_20)
FN:178,(anonymous_21)
FN:181,(anonymous_22)
FN:182,(anonymous_23)
FN:189,(anonymous_24)
FN:190,(anonymous_25)
FN:199,(anonymous_26)
FN:200,(anonymous_27)
FN:216,(anonymous_28)
FN:217,(anonymous_29)
FN:219,(anonymous_30)
FN:220,(anonymous_31)
FN:221,(anonymous_32)
FN:222,(anonymous_33)
FN:227,(anonymous_34)
FN:231,(anonymous_35)
FN:239,(anonymous_36)
FN:257,(anonymous_37)
FN:259,(anonymous_38)
FN:262,(anonymous_39)
FN:265,(anonymous_40)
FN:266,(anonymous_41)
FN:269,(anonymous_42)
FN:271,(anonymous_43)
FN:276,(anonymous_44)
FN:291,(anonymous_45)
FN:314,(anonymous_46)
FN:315,(anonymous_47)
FN:318,(anonymous_48)
FN:320,(anonymous_49)
FN:321,(anonymous_50)
FN:326,(anonymous_51)
FN:328,(anonymous_52)
FN:329,(anonymous_53)
FN:333,(anonymous_54)
FN:334,(anonymous_55)
FN:339,(anonymous_56)
FN:344,(anonymous_57)
FN:352,(anonymous_58)
FN:371,(anonymous_59)
FN:373,(anonymous_60)
FN:376,(anonymous_61)
FN:379,(anonymous_62)
FN:380,(anonymous_63)
FN:384,(anonymous_64)
FN:395,(anonymous_65)
FN:408,(anonymous_66)
FN:426,(anonymous_67)
FN:428,(anonymous_68)
FN:431,(anonymous_69)
FN:434,(anonymous_70)
FN:435,(anonymous_71)
FN:438,(anonymous_72)
FN:441,(anonymous_73)
FN:442,(anonymous_74)
FN:445,(anonymous_75)
FN:447,(anonymous_76)
FN:451,(anonymous_77)
FN:454,(anonymous_78)
FN:465,(anonymous_79)
FN:467,(anonymous_80)
FN:471,(anonymous_81)
FN:473,(anonymous_82)
FN:487,(anonymous_83)
FN:497,(anonymous_84)
FN:501,(anonymous_85)
FN:507,(anonymous_86)
FN:525,(anonymous_87)
FN:526,(anonymous_88)
FN:529,(anonymous_89)
FN:533,(anonymous_90)
FN:534,(anonymous_91)
FN:544,(anonymous_92)
FN:545,(anonymous_93)
FN:551,(anonymous_94)
FN:558,(anonymous_95)
FN:559,(anonymous_96)
FN:562,(anonymous_97)
FN:568,(anonymous_98)
FN:572,(anonymous_99)
FN:588,(anonymous_100)
FN:590,(anonymous_101)
FN:591,(anonymous_102)
FN:594,(anonymous_103)
FN:596,(anonymous_104)
FN:606,(anonymous_105)
FN:608,(anonymous_106)
FN:619,(anonymous_107)
FN:620,(anonymous_108)
FN:623,(anonymous_109)
FN:624,(anonymous_110)
FN:629,(anonymous_111)
FN:651,getDatabase
FN:658,resetDatabase
FNF:105
FNH:64
FNDA:182,(anonymous_9)
FNDA:77,(anonymous_10)
FNDA:375,(anonymous_11)
FNDA:82,(anonymous_12)
FNDA:13,(anonymous_13)
FNDA:12,(anonymous_14)
FNDA:3,(anonymous_15)
FNDA:66,(anonymous_16)
FNDA:63,(anonymous_17)
FNDA:5,(anonymous_18)
FNDA:2,(anonymous_19)
FNDA:13,(anonymous_20)
FNDA:6,(anonymous_21)
FNDA:24,(anonymous_22)
FNDA:26,(anonymous_23)
FNDA:2,(anonymous_24)
FNDA:1,(anonymous_25)
FNDA:10,(anonymous_26)
FNDA:12,(anonymous_27)
FNDA:3,(anonymous_28)
FNDA:3,(anonymous_29)
FNDA:1,(anonymous_30)
FNDA:1,(anonymous_31)
FNDA:1,(anonymous_32)
FNDA:0,(anonymous_33)
FNDA:45,(anonymous_34)
FNDA:22,(anonymous_35)
FNDA:21,(anonymous_36)
FNDA:1,(anonymous_37)
FNDA:1,(anonymous_38)
FNDA:6,(anonymous_39)
FNDA:8,(anonymous_40)
FNDA:6,(anonymous_41)
FNDA:24,(anonymous_42)
FNDA:5,(anonymous_43)
FNDA:0,(anonymous_44)
FNDA:0,(anonymous_45)
FNDA:0,(anonymous_46)
FNDA:0,(anonymous_47)
FNDA:0,(anonymous_48)
FNDA:0,(anonymous_49)
FNDA:0,(anonymous_50)
FNDA:0,(anonymous_51)
FNDA:0,(anonymous_52)
FNDA:0,(anonymous_53)
FNDA:0,(anonymous_54)
FNDA:0,(anonymous_55)
FNDA:11,(anonymous_56)
FNDA:7,(anonymous_57)
FNDA:6,(anonymous_58)
FNDA:1,(anonymous_59)
FNDA:1,(anonymous_60)
FNDA:3,(anonymous_61)
FNDA:6,(anonymous_62)
FNDA:6,(anonymous_63)
FNDA:19,(anonymous_64)
FNDA:12,(anonymous_65)
FNDA:11,(anonymous_66)
FNDA:2,(anonymous_67)
FNDA:2,(anonymous_68)
FNDA:6,(anonymous_69)
FNDA:8,(anonymous_70)
FNDA:7,(anonymous_71)
FNDA:1,(anonymous_72)
FNDA:3,(anonymous_73)
FNDA:1,(anonymous_74)
FNDA:1,(anonymous_75)
FNDA:2,(anonymous_76)
FNDA:1,(anonymous_77)
FNDA:1,(anonymous_78)
FNDA:4,(anonymous_79)
FNDA:3,(anonymous_80)
FNDA:12,(anonymous_81)
FNDA:6,(anonymous_82)
FNDA:5,(anonymous_83)
FNDA:0,(anonymous_84)
FNDA:0,(anonymous_85)
FNDA:0,(anonymous_86)
FNDA:0,(anonymous_87)
FNDA:0,(anonymous_88)
FNDA:0,(anonymous_89)
FNDA:0,(anonymous_90)
FNDA:0,(anonymous_91)
FNDA:0,(anonymous_92)
FNDA:0,(anonymous_93)
FNDA:0,(anonymous_94)
FNDA:0,(anonymous_95)
FNDA:0,(anonymous_96)
FNDA:0,(anonymous_97)
FNDA:0,(anonymous_98)
FNDA:0,(anonymous_99)
FNDA:0,(anonymous_100)
FNDA:0,(anonymous_101)
FNDA:0,(anonymous_102)
FNDA:0,(anonymous_103)
FNDA:0,(anonymous_104)
FNDA:0,(anonymous_105)
FNDA:0,(anonymous_106)
FNDA:0,(anonymous_107)
FNDA:0,(anonymous_108)
FNDA:0,(anonymous_109)
FNDA:0,(anonymous_110)
FNDA:0,(anonymous_111)
FNDA:70,getDatabase
FNDA:107,resetDatabase
DA:1,3
DA:2,3
DA:3,3
DA:6,3
DA:23,182
DA:26,182
DA:27,104
DA:30,182
DA:33,182
DA:34,78
DA:35,78
DA:36,78
DA:38,77
DA:40,1
DA:41,1
DA:42,1
DA:45,104
DA:46,104
DA:55,77
DA:58,77
DA:59,77
DA:60,42
DA:61,1
DA:62,1
DA:64,42
DA:65,1
DA:66,1
DA:68,42
DA:69,1
DA:70,1
DA:72,42
DA:73,42
DA:74,42
DA:80,77
DA:81,1
DA:82,1
DA:84,77
DA:85,1
DA:86,1
DA:88,77
DA:89,1
DA:90,1
DA:92,77
DA:93,2
DA:94,2
DA:96,77
DA:97,1
DA:98,1
DA:100,77
DA:101,2
DA:102,2
DA:104,77
DA:105,2
DA:106,2
DA:108,77
DA:109,2
DA:110,2
DA:114,77
DA:115,38
DA:120,375
DA:121,375
DA:123,0
DA:129,82
DA:132,82
DA:133,82
DA:134,1
DA:137,81
DA:138,12
DA:141,81
DA:152,81
DA:153,81
DA:154,81
DA:158,3
DA:159,3
DA:160,4
DA:161,4
DA:162,8
DA:166,3
DA:170,66
DA:174,5
DA:178,13
DA:182,26
DA:183,24
DA:184,24
DA:185,24
DA:190,2
DA:191,2
DA:192,1
DA:194,1
DA:195,1
DA:196,1
DA:200,12
DA:201,10
DA:202,0
DA:205,10
DA:206,10
DA:207,10
DA:208,10
DA:209,10
DA:210,10
DA:212,10
DA:213,10
DA:217,3
DA:219,3
DA:220,3
DA:221,3
DA:222,3
DA:223,3
DA:228,45
DA:231,45
DA:232,45
DA:233,1
DA:234,1
DA:235,1
DA:238,44
DA:239,21
DA:242,44
DA:252,44
DA:253,44
DA:254,44
DA:259,1
DA:264,6
DA:265,8
DA:266,6
DA:271,24
DA:272,24
DA:288,0
DA:290,0
DA:291,0
DA:294,0
DA:309,0
DA:310,0
DA:311,0
DA:315,0
DA:319,0
DA:320,0
DA:321,0
DA:323,0
DA:327,0
DA:328,0
DA:329,0
DA:334,0
DA:335,0
DA:341,11
DA:344,11
DA:345,11
DA:346,1
DA:347,1
DA:348,1
DA:351,10
DA:352,6
DA:355,10
DA:366,10
DA:367,10
DA:368,10
DA:373,1
DA:378,3
DA:379,6
DA:380,6
DA:391,19
DA:394,19
DA:395,12
DA:400,19
DA:401,1
DA:402,1
DA:403,1
DA:404,1
DA:407,18
DA:408,11
DA:411,18
DA:421,18
DA:422,18
DA:423,18
DA:428,2
DA:433,6
DA:434,8
DA:435,7
DA:440,1
DA:441,3
DA:442,1
DA:447,2
DA:448,1
DA:453,1
DA:454,1
DA:458,1
DA:459,1
DA:460,1
DA:467,4
DA:468,4
DA:473,12
DA:474,12
DA:475,2
DA:476,2
DA:478,10
DA:484,12
DA:489,5
DA:490,5
DA:491,5
DA:493,5
DA:498,0
DA:501,0
DA:502,0
DA:503,0
DA:506,0
DA:507,0
DA:510,0
DA:520,0
DA:521,0
DA:522,0
DA:526,0
DA:530,0
DA:534,0
DA:535,0
DA:536,0
DA:539,0
DA:540,0
DA:541,0
DA:545,0
DA:546,0
DA:547,0
DA:551,0
DA:553,0
DA:554,0
DA:559,0
DA:562,0
DA:563,0
DA:564,0
DA:567,0
DA:568,0
DA:571,0
DA:572,0
DA:575,0
DA:583,0
DA:584,0
DA:585,0
DA:589,0
DA:590,0
DA:591,0
DA:595,0
DA:596,0
DA:598,0
DA:599,0
DA:602,0
DA:603,0
DA:607,0
DA:608,0
DA:610,0
DA:611,0
DA:614,0
DA:615,0
DA:620,0
DA:624,0
DA:626,0
DA:628,0
DA:629,0
DA:632,0
DA:638,0
DA:641,0
DA:642,0
DA:643,0
DA:644,0
DA:649,3
DA:651,3
DA:652,70
DA:653,57
DA:655,70
DA:658,3
DA:659,107
DA:662,3
LF:269
LH:188
BRDA:26,0,0,104
BRDA:33,1,0,78
BRDA:33,1,1,104
BRDA:58,2,0,77
BRDA:60,3,0,1
BRDA:64,4,0,1
BRDA:68,5,0,1
BRDA:72,6,0,42
BRDA:80,7,0,1
BRDA:84,8,0,1
BRDA:88,9,0,1
BRDA:92,10,0,2
BRDA:96,11,0,1
BRDA:100,12,0,2
BRDA:104,13,0,2
BRDA:108,14,0,2
BRDA:114,15,0,38
BRDA:133,16,0,1
BRDA:137,17,0,10
BRDA:137,17,1,71
BRDA:160,18,0,4
BRDA:170,19,0,66
BRDA:170,19,1,8
BRDA:174,20,0,5
BRDA:174,20,1,3
BRDA:183,21,0,24
BRDA:191,22,0,1
BRDA:201,23,0,0
BRDA:205,24,0,2
BRDA:206,25,0,0
BRDA:207,26,0,3
BRDA:208,27,0,3
BRDA:209,28,0,0
BRDA:210,29,0,7
BRDA:227,30,0,0
BRDA:231,31,0,22
BRDA:231,31,1,20
BRDA:232,32,0,1
BRDA:238,33,0,16
BRDA:238,33,1,28
BRDA:259,34,0,1
BRDA:259,34,1,0
BRDA:281,35,0,0
BRDA:282,36,0,0
BRDA:283,37,0,0
BRDA:284,38,0,0
BRDA:285,39,0,0
BRDA:286,40,0,0
BRDA:290,41,0,0
BRDA:290,41,1,0
BRDA:315,42,0,0
BRDA:315,42,1,0
BRDA:323,43,0,0
BRDA:323,43,1,0
BRDA:326,44,0,0
BRDA:344,45,0,7
BRDA:344,45,1,7
BRDA:345,46,0,1
BRDA:351,47,0,4
BRDA:351,47,1,6
BRDA:373,48,0,1
BRDA:373,48,1,0
BRDA:388,49,0,7
BRDA:395,50,0,12
BRDA:395,50,1,12
BRDA:395,50,2,1
BRDA:395,50,3,0
BRDA:395,50,4,0
BRDA:400,51,0,1
BRDA:407,52,0,8
BRDA:407,52,1,10
BRDA:428,53,0,2
BRDA:428,53,1,0
BRDA:441,54,0,3
BRDA:441,54,1,3
BRDA:454,55,0,1
BRDA:454,55,1,1
BRDA:454,55,2,1
BRDA:454,55,3,0
BRDA:454,55,4,0
BRDA:458,56,0,1
BRDA:468,57,0,3
BRDA:468,57,1,1
BRDA:474,58,0,2
BRDA:474,58,1,10
BRDA:497,59,0,0
BRDA:497,60,0,0
BRDA:502,61,0,0
BRDA:506,62,0,0
BRDA:506,62,1,0
BRDA:515,63,0,0
BRDA:515,63,1,0
BRDA:526,64,0,0
BRDA:526,64,1,0
BRDA:535,65,0,0
BRDA:546,66,0,0
BRDA:563,67,0,0
BRDA:567,68,0,0
BRDA:567,68,1,0
BRDA:571,69,0,0
BRDA:571,69,1,0
BRDA:596,70,0,0
BRDA:596,70,1,0
BRDA:598,71,0,0
BRDA:608,72,0,0
BRDA:608,72,1,0
BRDA:610,73,0,0
BRDA:620,74,0,0
BRDA:620,74,1,0
BRDA:626,75,0,0
BRDA:628,76,0,0
BRDA:628,76,1,0
BRDA:652,77,0,57
BRF:113
BRH:62
end_of_record
TN:
SF:src/index.ts
FN:19,(anonymous_10)
FN:24,(anonymous_11)
FN:29,(anonymous_12)
FN:34,isPortAvailable
FN:35,(anonymous_14)
FN:37,(anonymous_15)
FN:38,(anonymous_16)
FN:41,(anonymous_17)
FN:46,findAvailablePort
FN:56,writePortToFile
FN:66,startServer
FN:75,(anonymous_21)
FN:82,(anonymous_22)
FN:87,(anonymous_23)
FNF:14
FNH:0
FNDA:0,(anonymous_10)
FNDA:0,(anonymous_11)
FNDA:0,(anonymous_12)
FNDA:0,isPortAvailable
FNDA:0,(anonymous_14)
FNDA:0,(anonymous_15)
FNDA:0,(anonymous_16)
FNDA:0,(anonymous_17)
FNDA:0,findAvailablePort
FNDA:0,writePortToFile
FNDA:0,startServer
FNDA:0,(anonymous_21)
FNDA:0,(anonymous_22)
FNDA:0,(anonymous_23)
DA:1,0
DA:2,0
DA:3,0
DA:4,0
DA:5,0
DA:6,0
DA:7,0
DA:9,0
DA:10,0
DA:11,0
DA:14,0
DA:15,0
DA:16,0
DA:19,0
DA:20,0
DA:24,0
DA:25,0
DA:29,0
DA:30,0
DA:35,0
DA:36,0
DA:37,0
DA:38,0
DA:39,0
DA:41,0
DA:47,0
DA:48,0
DA:49,0
DA:52,0
DA:57,0
DA:58,0
DA:59,0
DA:61,0
DA:62,0
DA:67,0
DA:69,0
DA:72,0
DA:75,0
DA:76,0
DA:77,0
DA:78,0
DA:82,0
DA:83,0
DA:84,0
DA:87,0
DA:88,0
DA:89,0
DA:93,0
DA:94,0
DA:99,0
DA:100,0
DA:103,0
LF:52
LH:0
BRDA:48,0,0,0
BRDA:58,1,0,0
BRDA:99,2,0,0
BRF:3
BRH:0
end_of_record
TN:
SF:src/migrate.ts
FN:4,migrateFromSQLite
FNF:1
FNH:0
FNDA:0,migrateFromSQLite
DA:4,0
DA:6,0
LF:2
LH:0
BRF:0
BRH:0
end_of_record
TN:
SF:src/routes/backup.ts
FN:6,(anonymous_0)
FN:23,(anonymous_1)
FN:40,(anonymous_2)
FNF:3
FNH:0
FNDA:0,(anonymous_0)
FNDA:0,(anonymous_1)
FNDA:0,(anonymous_2)
DA:1,1
DA:2,1
DA:3,1
DA:6,1
DA:7,0
DA:8,0
DA:10,0
DA:11,0
DA:14,0
DA:15,0
DA:17,0
DA:18,0
DA:23,1
DA:24,0
DA:25,0
DA:27,0
DA:28,0
DA:31,0
DA:32,0
DA:34,0
DA:35,0
DA:40,1
DA:41,0
DA:42,0
DA:44,0
DA:45,0
DA:48,0
DA:49,0
DA:51,0
DA:55,1
LF:30
LH:7
BRDA:10,0,0,0
BRDA:18,1,0,0
BRDA:18,1,1,0
BRDA:27,2,0,0
BRDA:35,3,0,0
BRDA:35,3,1,0
BRDA:44,4,0,0
BRDA:44,5,0,0
BRDA:44,5,1,0
BRDA:51,6,0,0
BRDA:51,6,1,0
BRF:11
BRH:0
end_of_record
TN:
SF:src/routes/index.ts
FN:15,(anonymous_1)
FNF:1
FNH:0
FNDA:0,(anonymous_1)
DA:1,1
DA:2,1
DA:3,1
DA:4,1
DA:5,1
DA:7,1
DA:9,1
DA:10,1
DA:11,1
DA:12,1
DA:15,1
DA:16,0
DA:19,1
LF:13
LH:12
BRF:0
BRH:0
end_of_record
TN:
SF:src/routes/projects.ts
FN:11,(anonymous_9)
FN:23,(anonymous_10)
FN:34,(anonymous_11)
FN:67,(anonymous_12)
FN:87,(anonymous_13)
FN:116,(anonymous_14)
FN:137,(anonymous_15)
FN:158,(anonymous_16)
FN:180,(anonymous_17)
FN:190,(anonymous_18)
FN:205,(anonymous_19)
FN:227,(anonymous_20)
FN:252,(anonymous_21)
FN:291,(anonymous_22)
FNF:14
FNH:10
FNDA:2,(anonymous_9)
FNDA:2,(anonymous_10)
FNDA:7,(anonymous_11)
FNDA:2,(anonymous_12)
FNDA:6,(anonymous_13)
FNDA:2,(anonymous_14)
FNDA:3,(anonymous_15)
FNDA:3,(anonymous_16)
FNDA:2,(anonymous_17)
FNDA:1,(anonymous_18)
FNDA:0,(anonymous_19)
FNDA:0,(anonymous_20)
FNDA:0,(anonymous_21)
FNDA:0,(anonymous_22)
DA:1,1
DA:2,1
DA:3,1
DA:4,1
DA:5,1
DA:6,1
DA:8,1
DA:11,1
DA:12,2
DA:13,2
DA:14,2
DA:15,2
DA:17,0
DA:18,0
DA:23,1
DA:24,2
DA:25,2
DA:26,2
DA:27,2
DA:29,0
DA:34,1
DA:35,7
DA:36,7
DA:37,7
DA:39,7
DA:40,2
DA:43,5
DA:45,5
DA:46,1
DA:49,4
DA:50,1
DA:53,3
DA:54,3
DA:55,1
DA:58,2
DA:59,2
DA:61,0
DA:67,1
DA:68,2
DA:69,2
DA:70,2
DA:71,2
DA:72,0
DA:75,2
DA:76,2
DA:77,1
DA:80,1
DA:82,0
DA:87,1
DA:88,6
DA:89,6
DA:90,6
DA:91,6
DA:92,0
DA:95,6
DA:98,6
DA:99,6
DA:100,6
DA:101,6
DA:102,6
DA:104,6
DA:105,1
DA:108,5
DA:109,5
DA:111,0
DA:116,1
DA:117,2
DA:118,2
DA:119,2
DA:120,2
DA:121,0
DA:124,2
DA:125,2
DA:126,1
DA:129,1
DA:130,1
DA:132,0
DA:137,1
DA:138,3
DA:139,3
DA:140,3
DA:141,3
DA:142,0
DA:145,3
DA:146,3
DA:147,1
DA:150,2
DA:151,2
DA:153,0
DA:158,1
DA:159,3
DA:160,3
DA:161,3
DA:162,3
DA:163,0
DA:166,3
DA:167,3
DA:168,1
DA:171,2
DA:172,2
DA:174,0
DA:180,1
DA:181,2
DA:182,2
DA:183,2
DA:185,0
DA:190,1
DA:191,1
DA:192,1
DA:193,1
DA:194,0
DA:197,1
DA:198,1
DA:200,0
DA:205,1
DA:206,0
DA:207,0
DA:208,0
DA:209,0
DA:210,0
DA:213,0
DA:214,0
DA:215,0
DA:218,0
DA:219,0
DA:220,0
DA:222,0
DA:227,1
DA:228,0
DA:229,0
DA:230,0
DA:231,0
DA:232,0
DA:235,0
DA:236,0
DA:237,0
DA:240,0
DA:241,0
DA:242,0
DA:245,0
DA:247,0
DA:252,1
DA:253,0
DA:254,0
DA:255,0
DA:256,0
DA:257,0
DA:260,0
DA:261,0
DA:262,0
DA:265,0
DA:267,0
DA:268,0
DA:271,0
DA:284,0
DA:286,0
DA:291,1
DA:292,0
DA:293,0
DA:294,0
DA:295,0
DA:296,0
DA:299,0
DA:300,0
DA:301,0
DA:304,0
DA:305,0
DA:307,0
DA:311,1
LF:169
LH:102
BRDA:39,0,0,2
BRDA:39,1,0,7
BRDA:39,1,1,6
BRDA:45,2,0,1
BRDA:49,3,0,1
BRDA:54,4,0,1
BRDA:61,5,0,0
BRDA:61,5,1,0
BRDA:71,6,0,0
BRDA:76,7,0,1
BRDA:91,8,0,0
BRDA:99,9,0,2
BRDA:100,10,0,2
BRDA:101,11,0,2
BRDA:102,12,0,2
BRDA:104,13,0,1
BRDA:111,14,0,0
BRDA:111,14,1,0
BRDA:120,15,0,0
BRDA:125,16,0,1
BRDA:141,17,0,0
BRDA:146,18,0,1
BRDA:162,19,0,0
BRDA:167,20,0,1
BRDA:185,21,0,0
BRDA:185,21,1,0
BRDA:193,22,0,0
BRDA:200,23,0,0
BRDA:200,23,1,0
BRDA:209,24,0,0
BRDA:214,25,0,0
BRDA:218,26,0,0
BRDA:218,26,1,0
BRDA:231,27,0,0
BRDA:236,28,0,0
BRDA:241,29,0,0
BRDA:256,30,0,0
BRDA:261,31,0,0
BRDA:267,32,0,0
BRDA:267,33,0,0
BRDA:267,33,1,0
BRDA:267,33,2,0
BRDA:276,34,0,0
BRDA:276,34,1,0
BRDA:277,35,0,0
BRDA:277,35,1,0
BRDA:277,36,0,0
BRDA:277,36,1,0
BRDA:278,37,0,0
BRDA:278,37,1,0
BRDA:279,38,0,0
BRDA:279,38,1,0
BRDA:280,39,0,0
BRDA:280,39,1,0
BRDA:281,40,0,0
BRDA:281,40,1,0
BRDA:295,41,0,0
BRDA:300,42,0,0
BRF:58
BRH:15
end_of_record
TN:
SF:src/routes/settings.ts
FN:7,(anonymous_0)
FN:19,(anonymous_1)
FN:41,(anonymous_2)
FN:64,(anonymous_3)
FN:92,(anonymous_4)
FNF:5
FNH:2
FNDA:2,(anonymous_0)
FNDA:0,(anonymous_1)
FNDA:4,(anonymous_2)
FNDA:0,(anonymous_3)
FNDA:0,(anonymous_4)
DA:1,1
DA:2,1
DA:4,1
DA:7,1
DA:8,2
DA:9,2
DA:10,2
DA:11,2
DA:13,0
DA:14,0
DA:19,1
DA:20,0
DA:21,0
DA:22,0
DA:25,0
DA:26,0
DA:27,0
DA:32,0
DA:33,0
DA:35,0
DA:36,0
DA:41,1
DA:42,4
DA:43,4
DA:44,4
DA:45,4
DA:47,4
DA:48,1
DA:52,3
DA:53,3
DA:56,3
DA:58,0
DA:59,0
DA:64,1
DA:65,0
DA:66,0
DA:67,0
DA:69,0
DA:70,0
DA:73,0
DA:75,0
DA:77,0
DA:84,0
DA:86,0
DA:87,0
DA:92,1
DA:93,0
DA:94,0
DA:95,0
DA:97,0
DA:98,0
DA:101,0
DA:103,0
DA:104,0
DA:107,0
DA:108,0
DA:109,0
DA:112,0
DA:113,0
DA:115,0
DA:116,0
DA:120,1
LF:62
LH:22
BRDA:26,0,0,0
BRDA:47,1,0,1
BRDA:69,2,0,0
BRDA:75,3,0,0
BRDA:97,4,0,0
BRDA:103,5,0,0
BRDA:103,6,0,0
BRDA:103,6,1,0
BRDA:108,7,0,0
BRF:9
BRH:1
end_of_record
TN:
SF:src/routes/workspaces.ts
FN:12,getProjaxWorkspacesDir
FN:21,getProjaxWorkspaceFilePath
FN:28,ensureWorkspaceFile
FN:50,(anonymous_12)
FN:64,(anonymous_13)
FN:74,(anonymous_14)
FN:93,(anonymous_15)
FN:121,(anonymous_16)
FN:169,(anonymous_17)
FN:187,(anonymous_18)
FN:207,(anonymous_19)
FN:250,(anonymous_20)
FN:277,(anonymous_21)
FN:302,(anonymous_22)
FN:324,(anonymous_23)
FN:347,(anonymous_24)
FN:360,(anonymous_25)
FN:405,(anonymous_26)
FN:420,(anonymous_27)
FNF:19
FNH:0
FNDA:0,getProjaxWorkspacesDir
FNDA:0,getProjaxWorkspaceFilePath
FNDA:0,ensureWorkspaceFile
FNDA:0,(anonymous_12)
FNDA:0,(anonymous_13)
FNDA:0,(anonymous_14)
FNDA:0,(anonymous_15)
FNDA:0,(anonymous_16)
FNDA:0,(anonymous_17)
FNDA:0,(anonymous_18)
FNDA:0,(anonymous_19)
FNDA:0,(anonymous_20)
FNDA:0,(anonymous_21)
FNDA:0,(anonymous_22)
FNDA:0,(anonymous_23)
FNDA:0,(anonymous_24)
FNDA:0,(anonymous_25)
FNDA:0,(anonymous_26)
FNDA:0,(anonymous_27)
DA:1,1
DA:2,1
DA:3,1
DA:4,1
DA:5,1
DA:6,1
DA:8,1
DA:9,1
DA:13,0
DA:14,0
DA:15,0
DA:17,0
DA:22,0
DA:23,0
DA:24,0
DA:29,0
DA:30,0
DA:31,0
DA:35,0
DA:36,0
DA:39,0
DA:40,0
DA:44,0
DA:49,0
DA:50,0
DA:53,0
DA:56,0
DA:57,0
DA:60,0
DA:64,1
DA:65,0
DA:66,0
DA:67,0
DA:69,0
DA:74,1
DA:75,0
DA:76,0
DA:77,0
DA:78,0
DA:81,0
DA:82,0
DA:83,0
DA:86,0
DA:88,0
DA:93,1
DA:94,0
DA:95,0
DA:97,0
DA:98,0
DA:102,0
DA:103,0
DA:106,0
DA:107,0
DA:110,0
DA:111,0
DA:113,0
DA:114,0
DA:116,0
DA:121,1
DA:122,0
DA:123,0
DA:124,0
DA:125,0
DA:128,0
DA:129,0
DA:131,0
DA:132,0
DA:133,0
DA:134,0
DA:136,0
DA:137,0
DA:138,0
DA:139,0
DA:141,0
DA:142,0
DA:145,0
DA:148,0
DA:151,0
DA:152,0
DA:153,0
DA:155,0
DA:159,0
DA:161,0
DA:162,0
DA:164,0
DA:169,1
DA:170,0
DA:171,0
DA:172,0
DA:173,0
DA:176,0
DA:177,0
DA:179,0
DA:180,0
DA:182,0
DA:187,1
DA:188,0
DA:189,0
DA:190,0
DA:191,0
DA:194,0
DA:195,0
DA:196,0
DA:199,0
DA:200,0
DA:202,0
DA:207,1
DA:208,0
DA:209,0
DA:210,0
DA:211,0
DA:214,0
DA:215,0
DA:216,0
DA:220,0
DA:224,0
DA:225,0
DA:228,0
DA:231,0
DA:232,0
DA:234,0
DA:237,0
DA:239,0
DA:240,0
DA:242,0
DA:243,0
DA:245,0
DA:250,1
DA:251,0
DA:252,0
DA:253,0
DA:254,0
DA:257,0
DA:258,0
DA:261,0
DA:262,0
DA:264,0
DA:267,0
DA:269,0
DA:270,0
DA:272,0
DA:277,1
DA:278,0
DA:279,0
DA:280,0
DA:281,0
DA:284,0
DA:285,0
DA:287,0
DA:288,0
DA:291,0
DA:292,0
DA:294,0
DA:295,0
DA:297,0
DA:302,1
DA:303,0
DA:304,0
DA:306,0
DA:307,0
DA:310,0
DA:311,0
DA:314,0
DA:315,0
DA:319,0
DA:320,0
DA:323,0
DA:324,0
DA:325,0
DA:326,0
DA:331,0
DA:334,0
DA:335,0
DA:336,0
DA:339,0
DA:344,0
DA:345,0
DA:346,0
DA:347,0
DA:348,0
DA:350,0
DA:353,0
DA:355,0
DA:360,1
DA:361,0
DA:362,0
DA:364,0
DA:365,0
DA:370,0
DA:371,0
DA:374,0
DA:377,0
DA:378,0
DA:379,0
DA:380,0
DA:381,0
DA:384,0
DA:385,0
DA:387,0
DA:393,0
DA:396,0
DA:398,0
DA:400,0
DA:405,1
DA:406,0
DA:407,0
DA:408,0
DA:409,0
DA:412,0
DA:413,0
DA:415,0
DA:420,1
DA:421,0
DA:422,0
DA:423,0
DA:424,0
DA:427,0
DA:428,0
DA:429,0
DA:430,0
DA:432,0
DA:435,0
DA:439,1
LF:223
LH:22
BRDA:14,0,0,0
BRDA:30,1,0,0
BRDA:39,2,0,0
BRDA:39,3,0,0
BRDA:39,3,1,0
BRDA:44,4,0,0
BRDA:44,4,1,0
BRDA:56,5,0,0
BRDA:69,6,0,0
BRDA:69,6,1,0
BRDA:77,7,0,0
BRDA:82,8,0,0
BRDA:88,9,0,0
BRDA:88,9,1,0
BRDA:97,10,0,0
BRDA:97,11,0,0
BRDA:97,11,1,0
BRDA:102,12,0,0
BRDA:106,13,0,0
BRDA:110,14,0,0
BRDA:110,14,1,0
BRDA:110,15,0,0
BRDA:110,15,1,0
BRDA:113,16,0,0
BRDA:113,17,0,0
BRDA:113,17,1,0
BRDA:116,18,0,0
BRDA:116,18,1,0
BRDA:124,19,0,0
BRDA:131,20,0,0
BRDA:132,21,0,0
BRDA:133,22,0,0
BRDA:134,23,0,0
BRDA:137,24,0,0
BRDA:138,25,0,0
BRDA:141,26,0,0
BRDA:151,27,0,0
BRDA:151,28,0,0
BRDA:151,28,1,0
BRDA:151,28,2,0
BRDA:161,29,0,0
BRDA:161,30,0,0
BRDA:161,30,1,0
BRDA:164,31,0,0
BRDA:164,31,1,0
BRDA:172,32,0,0
BRDA:179,33,0,0
BRDA:179,34,0,0
BRDA:179,34,1,0
BRDA:182,35,0,0
BRDA:182,35,1,0
BRDA:190,36,0,0
BRDA:195,37,0,0
BRDA:202,38,0,0
BRDA:202,38,1,0
BRDA:210,39,0,0
BRDA:215,40,0,0
BRDA:220,41,0,0
BRDA:220,41,1,0
BRDA:224,42,0,0
BRDA:239,43,0,0
BRDA:239,44,0,0
BRDA:239,44,1,0
BRDA:242,45,0,0
BRDA:242,46,0,0
BRDA:242,46,1,0
BRDA:245,47,0,0
BRDA:245,47,1,0
BRDA:253,48,0,0
BRDA:269,49,0,0
BRDA:269,50,0,0
BRDA:269,50,1,0
BRDA:272,51,0,0
BRDA:272,51,1,0
BRDA:280,52,0,0
BRDA:287,53,0,0
BRDA:294,54,0,0
BRDA:294,55,0,0
BRDA:294,55,1,0
BRDA:297,56,0,0
BRDA:297,56,1,0
BRDA:306,57,0,0
BRDA:310,58,0,0
BRDA:314,59,0,0
BRDA:320,60,0,0
BRDA:320,60,1,0
BRDA:325,61,0,0
BRDA:355,62,0,0
BRDA:355,62,1,0
BRDA:364,63,0,0
BRDA:371,64,0,0
BRDA:371,64,1,0
BRDA:371,65,0,0
BRDA:371,65,1,0
BRDA:378,66,0,0
BRDA:378,67,0,0
BRDA:378,67,1,0
BRDA:381,68,0,0
BRDA:381,68,1,0
BRDA:400,69,0,0
BRDA:400,69,1,0
BRDA:408,70,0,0
BRDA:415,71,0,0
BRDA:415,71,1,0
BRDA:423,72,0,0
BRDA:429,73,0,0
BRDA:429,73,1,0
BRDA:435,74,0,0
BRDA:435,74,1,0
BRF:109
BRH:0
end_of_record
TN:
SF:src/services/scanner.ts
FN:12,detectTestFramework
FN:51,isTestFile
FN:74,findTestFiles
FN:110,scanProject
FN:148,scanAllProjects
FNF:5
FNH:5
FNDA:23,detectTestFramework
FNDA:55,isTestFile
FNDA:46,findTestFiles
FNDA:26,scanProject
FNDA:5,scanAllProjects
DA:1,2
DA:2,2
DA:3,2
DA:13,23
DA:15,23
DA:16,1
DA:19,22
DA:20,22
DA:21,22
DA:23,22
DA:24,15
DA:26,7
DA:27,1
DA:29,6
DA:30,2
DA:32,4
DA:33,1
DA:35,3
DA:36,1
DA:38,2
DA:39,1
DA:41,1
DA:42,1
DA:45,0
DA:47,0
DA:52,55
DA:53,55
DA:56,55
DA:57,26
DA:61,29
DA:62,3
DA:65,26
DA:66,2
DA:70,24
DA:75,46
DA:76,0
DA:79,46
DA:81,46
DA:82,81
DA:85,81
DA:86,26
DA:96,3
DA:99,23
DA:100,55
DA:101,55
DA:102,30
DA:107,46
DA:110,2
DA:111,26
DA:112,26
DA:114,26
DA:115,1
DA:118,25
DA:119,2
DA:123,23
DA:126,23
DA:129,23
DA:130,23
DA:132,23
DA:133,30
DA:134,30
DA:135,30
DA:139,23
DA:141,23
DA:148,2
DA:149,5
DA:150,5
DA:151,5
DA:153,5
DA:154,6
DA:155,6
DA:156,5
DA:158,1
DA:162,5
LF:74
LH:71
BRDA:15,0,0,1
BRDA:23,1,0,15
BRDA:23,2,0,22
BRDA:23,2,1,7
BRDA:26,3,0,1
BRDA:29,4,0,2
BRDA:32,5,0,1
BRDA:35,6,0,1
BRDA:38,7,0,1
BRDA:38,8,0,2
BRDA:38,8,1,1
BRDA:41,9,0,1
BRDA:56,10,0,26
BRDA:56,11,0,55
BRDA:56,11,1,37
BRDA:61,12,0,3
BRDA:62,13,0,3
BRDA:62,13,1,2
BRDA:62,13,2,0
BRDA:65,14,0,2
BRDA:66,15,0,2
BRDA:66,15,1,1
BRDA:66,15,2,1
BRDA:70,16,0,24
BRDA:70,16,1,24
BRDA:70,16,2,23
BRDA:70,16,3,23
BRDA:74,17,0,23
BRDA:75,18,0,0
BRDA:85,19,0,26
BRDA:85,19,1,55
BRDA:86,20,0,3
BRDA:87,21,0,26
BRDA:87,21,1,25
BRDA:87,21,2,25
BRDA:87,21,3,24
BRDA:87,21,4,23
BRDA:87,21,5,23
BRDA:87,21,6,23
BRDA:87,21,7,23
BRDA:100,22,0,55
BRDA:101,23,0,30
BRDA:114,24,0,1
BRDA:118,25,0,2
BRF:44
BRH:42
end_of_record
TN:
SF:src/services/test-parser.ts
FN:16,parseTestOutput
FN:56,parseJestVitestOutput
FN:93,parseMochaOutput
FN:126,parsePytestOutput
FN:154,parseUnittestOutput
FN:183,parseGenericOutput
FN:218,isTestOutput
FN:235,(anonymous_7)
FNF:8
FNH:0
FNDA:0,parseTestOutput
FNDA:0,parseJestVitestOutput
FNDA:0,parseMochaOutput
FNDA:0,parsePytestOutput
FNDA:0,parseUnittestOutput
FNDA:0,parseGenericOutput
FNDA:0,isTestOutput
FNDA:0,(anonymous_7)
DA:16,0
DA:17,0
DA:28,0
DA:30,0
DA:31,0
DA:33,0
DA:34,0
DA:36,0
DA:37,0
DA:39,0
DA:42,0
DA:46,0
DA:47,0
DA:50,0
DA:62,0
DA:63,0
DA:64,0
DA:65,0
DA:66,0
DA:68,0
DA:69,0
DA:70,0
DA:71,0
DA:74,0
DA:75,0
DA:78,0
DA:79,0
DA:82,0
DA:83,0
DA:87,0
DA:99,0
DA:100,0
DA:101,0
DA:102,0
DA:104,0
DA:105,0
DA:108,0
DA:109,0
DA:112,0
DA:113,0
DA:116,0
DA:117,0
DA:120,0
DA:130,0
DA:132,0
DA:133,0
DA:134,0
DA:135,0
DA:137,0
DA:138,0
DA:143,0
DA:144,0
DA:145,0
DA:148,0
DA:160,0
DA:161,0
DA:163,0
DA:164,0
DA:165,0
DA:168,0
DA:169,0
DA:170,0
DA:171,0
DA:172,0
DA:173,0
DA:174,0
DA:177,0
DA:184,0
DA:195,0
DA:203,0
DA:204,0
DA:205,0
DA:206,0
DA:210,0
DA:212,0
DA:218,0
DA:219,0
DA:235,0
LF:78
LH:0
BRDA:28,0,0,0
BRDA:28,0,1,0
BRDA:28,1,0,0
BRDA:28,1,1,0
BRDA:28,1,2,0
BRDA:31,2,0,0
BRDA:31,2,1,0
BRDA:31,3,0,0
BRDA:31,3,1,0
BRDA:34,4,0,0
BRDA:34,4,1,0
BRDA:34,5,0,0
BRDA:34,5,1,0
BRDA:34,5,2,0
BRDA:37,6,0,0
BRDA:37,6,1,0
BRDA:37,7,0,0
BRDA:37,7,1,0
BRDA:46,8,0,0
BRDA:50,9,0,0
BRDA:50,9,1,0
BRDA:68,10,0,0
BRDA:69,11,0,0
BRDA:69,11,1,0
BRDA:70,12,0,0
BRDA:70,12,1,0
BRDA:71,13,0,0
BRDA:71,13,1,0
BRDA:74,14,0,0
BRDA:78,15,0,0
BRDA:82,16,0,0
BRDA:87,17,0,0
BRDA:87,17,1,0
BRDA:104,18,0,0
BRDA:108,19,0,0
BRDA:112,20,0,0
BRDA:116,21,0,0
BRDA:132,22,0,0
BRDA:133,23,0,0
BRDA:133,23,1,0
BRDA:134,24,0,0
BRDA:134,24,1,0
BRDA:135,25,0,0
BRDA:135,25,1,0
BRDA:137,26,0,0
BRDA:144,27,0,0
BRDA:163,28,0,0
BRDA:168,29,0,0
BRDA:168,29,1,0
BRDA:169,30,0,0
BRDA:169,30,1,0
BRDA:170,31,0,0
BRDA:170,31,1,0
BRDA:173,32,0,0
BRDA:205,33,0,0
BRDA:205,34,0,0
BRDA:205,34,1,0
BRDA:212,35,0,0
BRDA:212,35,1,0
BRF:59
BRH:0
end_of_record
