TN:
SF:src/backup-utils.ts
FN:20,createBackup
FN:68,restoreBackup
FN:129,validateBackup
FNF:3
FNH:0
FNDA:0,createBackup
FNDA:0,restoreBackup
FNDA:0,validateBackup
DA:1,1
DA:2,1
DA:3,1
DA:20,1
DA:21,0
DA:22,0
DA:24,0
DA:25,0
DA:29,0
DA:30,0
DA:31,0
DA:32,0
DA:35,0
DA:36,0
DA:40,0
DA:43,0
DA:53,0
DA:59,0
DA:61,0
DA:68,1
DA:69,0
DA:70,0
DA:73,0
DA:74,0
DA:79,0
DA:80,0
DA:81,0
DA:83,0
DA:84,0
DA:86,0
DA:90,0
DA:91,0
DA:95,0
DA:96,0
DA:97,0
DA:101,0
DA:102,0
DA:106,0
DA:107,0
DA:109,0
DA:110,0
DA:111,0
DA:112,0
DA:116,0
DA:117,0
DA:121,0
DA:129,1
DA:130,0
DA:131,0
DA:134,0
DA:135,0
DA:138,0
DA:139,0
DA:140,0
DA:142,0
DA:143,0
DA:146,0
DA:147,0
DA:148,0
DA:151,0
DA:152,0
DA:155,0
DA:157,0
DA:158,0
DA:160,0
LF:65
LH:6
BRDA:24,0,0,0
BRDA:35,1,0,0
BRDA:69,2,0,0
BRDA:73,3,0,0
BRDA:83,4,0,0
BRDA:86,5,0,0
BRDA:86,5,1,0
BRDA:90,6,0,0
BRDA:90,7,0,0
BRDA:90,7,1,0
BRDA:96,8,0,0
BRDA:96,9,0,0
BRDA:96,9,1,0
BRDA:101,10,0,0
BRDA:101,11,0,0
BRDA:101,11,1,0
BRDA:109,12,0,0
BRDA:116,13,0,0
BRDA:130,14,0,0
BRDA:134,15,0,0
BRDA:142,16,0,0
BRDA:142,17,0,0
BRDA:142,17,1,0
BRDA:147,18,0,0
BRDA:147,19,0,0
BRDA:147,19,1,0
BRDA:151,20,0,0
BRDA:151,21,0,0
BRDA:151,21,1,0
BRDA:157,22,0,0
BRF:30
BRH:0
end_of_record
TN:
SF:src/database.ts
FN:74,(anonymous_9)
FN:92,(anonymous_10)
FN:140,(anonymous_11)
FN:147,(anonymous_12)
FN:158,(anonymous_13)
FN:160,(anonymous_14)
FN:163,(anonymous_15)
FN:167,(anonymous_16)
FN:172,(anonymous_17)
FN:180,(anonymous_18)
FN:187,(anonymous_19)
FN:194,(anonymous_20)
FN:200,(anonymous_21)
FN:206,(anonymous_22)
FN:213,(anonymous_23)
FN:218,(anonymous_24)
FN:223,(anonymous_25)
FN:227,(anonymous_26)
FN:234,(anonymous_27)
FN:239,(anonymous_28)
FN:244,(anonymous_29)
FN:250,(anonymous_30)
FN:260,(anonymous_31)
FN:265,(anonymous_32)
FN:269,(anonymous_33)
FN:271,(anonymous_34)
FN:274,(anonymous_35)
FN:279,(anonymous_36)
FN:285,(anonymous_37)
FN:290,(anonymous_38)
FN:297,(anonymous_39)
FN:302,(anonymous_40)
FN:330,(anonymous_41)
FN:338,(anonymous_42)
FN:342,(anonymous_43)
FN:350,getDatabaseManager
FNF:36
FNH:27
FNDA:4,(anonymous_9)
FNDA:128,(anonymous_10)
FNDA:11,(anonymous_11)
FNDA:2,(anonymous_12)
FNDA:2,(anonymous_13)
FNDA:2,(anonymous_14)
FNDA:10,(anonymous_15)
FNDA:0,(anonymous_16)
FNDA:1,(anonymous_17)
FNDA:1,(anonymous_18)
FNDA:1,(anonymous_19)
FNDA:8,(anonymous_20)
FNDA:7,(anonymous_21)
FNDA:7,(anonymous_22)
FNDA:1,(anonymous_23)
FNDA:1,(anonymous_24)
FNDA:8,(anonymous_25)
FNDA:0,(anonymous_26)
FNDA:0,(anonymous_27)
FNDA:0,(anonymous_28)
FNDA:0,(anonymous_29)
FNDA:0,(anonymous_30)
FNDA:0,(anonymous_31)
FNDA:2,(anonymous_32)
FNDA:1,(anonymous_33)
FNDA:2,(anonymous_34)
FNDA:0,(anonymous_35)
FNDA:0,(anonymous_36)
FNDA:46,(anonymous_37)
FNDA:15,(anonymous_38)
FNDA:49,(anonymous_39)
FNDA:2,(anonymous_40)
FNDA:2,(anonymous_41)
FNDA:2,(anonymous_42)
FNDA:1,(anonymous_43)
FNDA:115,getDatabaseManager
DA:1,4
DA:2,4
DA:3,4
DA:4,4
DA:72,4
DA:76,4
DA:77,4
DA:79,4
DA:80,4
DA:81,0
DA:82,0
DA:83,0
DA:89,4
DA:93,128
DA:94,128
DA:95,128
DA:97,128
DA:100,128
DA:101,75
DA:102,53
DA:103,8
DA:106,45
DA:107,45
DA:108,31
DA:110,45
DA:113,128
DA:116,119
DA:117,29
DA:118,29
DA:119,29
DA:125,119
DA:126,23
DA:129,96
DA:132,9
DA:133,3
DA:135,6
DA:141,11
DA:148,2
DA:149,2
DA:151,1
DA:152,0
DA:154,1
DA:159,2
DA:160,2
DA:164,10
DA:174,1
DA:181,1
DA:188,1
DA:195,8
DA:201,7
DA:207,7
DA:215,1
DA:220,1
DA:224,8
DA:230,0
DA:236,0
DA:241,0
DA:246,0
DA:257,0
DA:262,0
DA:266,2
DA:270,1
DA:271,2
DA:276,0
DA:286,46
DA:287,46
DA:291,15
DA:298,49
DA:314,2
DA:331,2
DA:332,2
DA:334,1
DA:339,2
DA:348,4
DA:350,4
DA:351,115
DA:352,4
DA:354,115
LF:78
LH:67
BRDA:80,0,0,0
BRDA:83,1,0,0
BRDA:83,1,1,0
BRDA:92,2,0,75
BRDA:94,3,0,128
BRDA:94,3,1,75
BRDA:100,4,0,75
BRDA:100,4,1,53
BRDA:102,5,0,8
BRDA:102,5,1,45
BRDA:107,6,0,31
BRDA:110,7,0,31
BRDA:110,7,1,14
BRDA:116,8,0,29
BRDA:116,9,0,119
BRDA:116,9,1,47
BRDA:116,9,2,40
BRDA:125,10,0,23
BRDA:125,11,0,119
BRDA:125,11,1,96
BRDA:132,12,0,3
BRDA:132,13,0,9
BRDA:132,13,1,9
BRDA:135,14,0,6
BRDA:135,14,1,0
BRDA:151,15,0,0
BRDA:151,16,0,1
BRDA:151,16,1,1
BRDA:160,17,0,2
BRDA:160,17,1,1
BRDA:213,18,0,1
BRDA:254,19,0,0
BRDA:287,20,0,46
BRDA:287,20,1,25
BRDA:307,21,0,1
BRDA:308,22,0,1
BRDA:309,23,0,1
BRDA:310,24,0,1
BRDA:311,25,0,1
BRDA:312,26,0,1
BRDA:338,27,0,1
BRDA:351,28,0,4
BRF:42
BRH:36
end_of_record
TN:
SF:src/detector.ts
FN:41,detectTestFramework
FN:84,isTestFile
FN:91,(anonymous_11)
FN:131,detectProjectFramework
FNF:4
FNH:4
FNDA:9,detectTestFramework
FNDA:11,isTestFile
FNDA:2,(anonymous_11)
FNDA:16,detectProjectFramework
DA:1,2
DA:2,2
DA:11,2
DA:41,2
DA:42,9
DA:45,9
DA:46,8
DA:47,8
DA:50,7
DA:52,7
DA:53,6
DA:54,5
DA:57,4
DA:60,3
DA:61,1
DA:62,1
DA:63,0
DA:64,0
DA:72,4
DA:73,10
DA:74,40
DA:75,40
DA:76,1
DA:81,3
DA:84,2
DA:85,11
DA:86,11
DA:87,11
DA:90,11
DA:91,2
DA:92,2
DA:94,2
DA:95,3
DA:96,1
DA:101,1
DA:102,1
DA:103,1
DA:110,9
DA:111,15
DA:112,27
DA:113,5
DA:117,10
DA:118,15
DA:119,2
DA:124,2
DA:131,2
DA:132,16
DA:134,16
DA:136,4
DA:137,3
DA:138,2
DA:141,1
DA:143,1
DA:146,12
DA:147,12
DA:148,11
DA:151,11
DA:152,9
DA:153,9
DA:154,9
DA:155,9
DA:156,9
DA:157,8
DA:160,8
DA:163,7
DA:164,6
DA:166,1
DA:167,1
DA:169,5
DA:170,5
DA:171,5
DA:172,5
DA:173,5
DA:174,5
DA:175,5
DA:176,5
DA:177,5
DA:180,5
DA:181,4
DA:182,3
DA:183,3
DA:184,3
DA:185,3
DA:186,3
DA:187,3
DA:188,3
DA:189,3
DA:192,3
DA:195,2
DA:196,2
DA:197,2
DA:198,2
DA:201,2
DA:202,2
DA:203,2
DA:204,2
DA:207,2
DA:208,2
DA:211,2
DA:212,1
DA:213,1
DA:214,1
DA:215,1
DA:216,1
DA:219,1
DA:223,1
LF:106
LH:104
BRDA:45,0,0,8
BRDA:52,1,0,1
BRDA:53,2,0,1
BRDA:54,3,0,1
BRDA:57,4,0,1
BRDA:60,5,0,1
BRDA:61,6,0,1
BRDA:61,6,1,0
BRDA:62,7,0,1
BRDA:63,8,0,0
BRDA:64,9,0,0
BRDA:75,10,0,1
BRDA:84,11,0,9
BRDA:90,12,0,2
BRDA:92,13,0,2
BRDA:95,14,0,1
BRDA:102,15,0,1
BRDA:112,16,0,5
BRDA:118,17,0,2
BRDA:134,18,0,4
BRDA:136,19,0,1
BRDA:137,20,0,1
BRDA:138,21,0,1
BRDA:138,22,0,2
BRDA:138,22,1,1
BRDA:138,22,2,1
BRDA:151,23,0,2
BRDA:151,24,0,11
BRDA:151,24,1,9
BRDA:152,25,0,0
BRDA:152,26,0,9
BRDA:152,26,1,9
BRDA:152,26,2,9
BRDA:153,27,0,0
BRDA:154,28,0,0
BRDA:154,29,0,9
BRDA:154,29,1,9
BRDA:155,30,0,0
BRDA:155,31,0,9
BRDA:155,31,1,9
BRDA:156,32,0,1
BRDA:157,33,0,0
BRDA:157,34,0,8
BRDA:157,34,1,8
BRDA:160,35,0,1
BRDA:163,36,0,1
BRDA:163,37,0,7
BRDA:163,37,1,6
BRDA:164,38,0,1
BRDA:167,39,0,1
BRDA:167,39,1,0
BRDA:169,40,0,0
BRDA:170,41,0,0
BRDA:171,42,0,0
BRDA:172,43,0,0
BRDA:172,44,0,5
BRDA:172,44,1,5
BRDA:173,45,0,0
BRDA:173,46,0,5
BRDA:173,46,1,5
BRDA:174,47,0,0
BRDA:175,48,0,0
BRDA:176,49,0,0
BRDA:177,50,0,0
BRDA:180,51,0,1
BRDA:181,52,0,1
BRDA:182,53,0,0
BRDA:183,54,0,0
BRDA:184,55,0,0
BRDA:184,56,0,3
BRDA:184,56,1,3
BRDA:185,57,0,0
BRDA:185,58,0,3
BRDA:185,58,1,3
BRDA:186,59,0,0
BRDA:186,60,0,3
BRDA:186,60,1,0
BRDA:186,60,2,0
BRDA:187,61,0,0
BRDA:188,62,0,0
BRDA:189,63,0,0
BRDA:192,64,0,1
BRDA:195,65,0,0
BRDA:196,66,0,0
BRDA:197,67,0,0
BRDA:198,68,0,0
BRDA:201,69,0,0
BRDA:201,70,0,2
BRDA:201,70,1,2
BRDA:201,70,2,2
BRDA:202,71,0,0
BRDA:203,72,0,0
BRDA:204,73,0,0
BRDA:207,74,0,0
BRDA:208,75,0,0
BRDA:208,76,0,2
BRDA:208,76,1,2
BRDA:211,77,0,1
BRDA:212,78,0,0
BRDA:213,79,0,0
BRDA:214,80,0,0
BRDA:215,81,0,0
BRDA:216,82,0,0
BRF:103
BRH:60
end_of_record
TN:
SF:src/git-utils.ts
FN:10,getCurrentBranch
FN:56,getBranchesForProjects
FNF:2
FNH:0
FNDA:0,getCurrentBranch
FNDA:0,getBranchesForProjects
DA:1,1
DA:2,1
DA:3,1
DA:10,1
DA:11,0
DA:13,0
DA:14,0
DA:16,0
DA:17,0
DA:18,0
DA:23,0
DA:30,0
DA:32,0
DA:33,0
DA:38,0
DA:40,0
DA:44,0
DA:47,0
DA:56,1
DA:57,0
DA:59,0
DA:60,0
DA:63,0
LF:23
LH:5
BRDA:14,0,0,0
BRDA:14,1,0,0
BRDA:14,1,1,0
BRDA:17,2,0,0
BRDA:30,3,0,0
BRDA:44,4,0,0
BRDA:44,4,1,0
BRF:7
BRH:0
end_of_record
TN:
SF:src/index.ts
FN:8,(anonymous_4)
FN:13,getAllProjects
FN:17,addProject
FN:21,removeProject
FN:25,getTestsByProject
FNF:5
FNH:5
FNDA:5,(anonymous_4)
FNDA:6,getAllProjects
FNDA:9,addProject
FNDA:7,removeProject
FNDA:7,getTestsByProject
DA:1,1
DA:2,1
DA:3,1
DA:4,1
DA:5,1
DA:6,1
DA:7,1
DA:8,6
DA:11,1
DA:13,1
DA:14,6
DA:17,1
DA:18,9
DA:21,1
DA:22,7
DA:25,1
DA:26,7
LF:17
LH:17
BRF:0
BRH:0
end_of_record
TN:
SF:src/scanner.ts
FN:9,scanProject
FN:13,scanAllProjects
FNF:2
FNH:2
FNDA:6,scanProject
FNDA:6,scanAllProjects
DA:1,2
DA:9,2
DA:10,6
DA:13,2
DA:14,6
LF:5
LH:5
BRF:0
BRH:0
end_of_record
TN:
SF:src/settings.ts
FN:33,getSetting
FN:40,setSetting
FN:47,getAllSettings
FN:54,getEditorSettings
FN:68,setEditorSettings
FN:81,getBrowserSettings
FN:95,setBrowserSettings
FN:108,getAppSettings
FN:118,setAppSettings
FNF:9
FNH:9
FNDA:2,getSetting
FNDA:1,setSetting
FNDA:2,getAllSettings
FNDA:11,getEditorSettings
FNDA:5,setEditorSettings
FNDA:10,getBrowserSettings
FNDA:4,setBrowserSettings
FNDA:3,getAppSettings
FNDA:2,setAppSettings
DA:1,2
DA:21,2
DA:33,2
DA:34,2
DA:40,2
DA:41,1
DA:47,2
DA:48,2
DA:54,2
DA:55,11
DA:56,11
DA:57,11
DA:59,11
DA:68,2
DA:69,5
DA:70,5
DA:71,5
DA:72,2
DA:81,2
DA:82,10
DA:83,10
DA:84,10
DA:86,10
DA:95,2
DA:96,4
DA:97,4
DA:98,4
DA:99,2
DA:108,2
DA:109,3
DA:118,2
DA:119,2
DA:120,2
LF:33
LH:33
BRDA:56,0,0,11
BRDA:56,0,1,3
BRDA:57,1,0,11
BRDA:57,1,1,9
BRDA:71,2,0,2
BRDA:83,3,0,10
BRDA:83,3,1,3
BRDA:84,4,0,10
BRDA:84,4,1,8
BRDA:98,5,0,2
BRF:10
BRH:10
end_of_record
TN:
SF:src/workspace-utils.ts
FN:29,parseWorkspaceFile
FN:45,(anonymous_10)
FN:81,generateWorkspaceFile
FN:91,(anonymous_12)
FN:137,validateWorkspacePath
FNF:5
FNH:0
FNDA:0,parseWorkspaceFile
FNDA:0,(anonymous_10)
FNDA:0,generateWorkspaceFile
FNDA:0,(anonymous_12)
FNDA:0,validateWorkspacePath
DA:1,1
DA:2,1
DA:29,1
DA:30,0
DA:31,0
DA:34,0
DA:35,0
DA:36,0
DA:39,0
DA:40,0
DA:44,0
DA:45,0
DA:46,0
DA:48,0
DA:51,0
DA:54,0
DA:57,0
DA:64,0
DA:66,0
DA:67,0
DA:69,0
DA:81,1
DA:88,0
DA:91,0
DA:92,0
DA:98,0
DA:99,0
DA:101,0
DA:102,0
DA:105,0
DA:108,0
DA:113,0
DA:120,0
DA:121,0
DA:124,0
DA:125,0
DA:126,0
DA:129,0
DA:137,1
DA:138,0
DA:139,0
DA:142,0
DA:143,0
DA:146,0
DA:147,0
DA:148,0
DA:150,0
LF:47
LH:5
BRDA:30,0,0,0
BRDA:39,1,0,0
BRDA:39,2,0,0
BRDA:39,2,1,0
BRDA:46,3,0,0
BRDA:46,3,1,0
BRDA:48,4,0,0
BRDA:48,4,1,0
BRDA:54,5,0,0
BRDA:54,5,1,0
BRDA:66,6,0,0
BRDA:92,7,0,0
BRDA:92,7,1,0
BRDA:101,8,0,0
BRDA:115,9,0,0
BRDA:115,9,1,0
BRDA:116,10,0,0
BRDA:116,10,1,0
BRDA:125,11,0,0
BRDA:138,12,0,0
BRDA:142,13,0,0
BRF:21
BRH:0
end_of_record
