TN:
SF:src/core-bridge.ts
FN:10,tryRequire
FN:26,loadCore
FNF:2
FNH:0
FNDA:0,tryRequire
FNDA:0,loadCore
DA:1,0
DA:8,0
DA:11,0
DA:13,0
DA:15,0
DA:20,0
DA:22,0
DA:27,0
DA:28,0
DA:35,0
DA:45,0
DA:46,0
DA:47,0
DA:48,0
DA:49,0
DA:53,0
DA:56,0
DA:59,0
LF:18
LH:0
BRDA:15,0,0,0
BRDA:16,1,0,0
BRDA:16,1,1,0
BRDA:16,1,2,0
BRDA:27,2,0,0
BRDA:47,3,0,0
BRF:6
BRH:0
end_of_record
TN:
SF:src/port-extractor.ts
FN:13,extractPortsFromProject
FN:46,(anonymous_10)
FN:55,extractPortsFromPackageJson
FN:105,extractPortsFromViteConfig
FN:154,extractPortsFromNextConfig
FN:196,extractPortsFromWebpackConfig
FN:238,extractPortsFromAngularConfig
FN:275,extractPortsFromNuxtConfig
FN:317,extractPortsFromEnvFiles
FNF:9
FNH:0
FNDA:0,extractPortsFromProject
FNDA:0,(anonymous_10)
FNDA:0,extractPortsFromPackageJson
FNDA:0,extractPortsFromViteConfig
FNDA:0,extractPortsFromNextConfig
FNDA:0,extractPortsFromWebpackConfig
FNDA:0,extractPortsFromAngularConfig
FNDA:0,extractPortsFromNuxtConfig
FNDA:0,extractPortsFromEnvFiles
DA:1,1
DA:2,1
DA:13,1
DA:14,0
DA:17,0
DA:18,0
DA:21,0
DA:22,0
DA:25,0
DA:26,0
DA:29,0
DA:30,0
DA:33,0
DA:34,0
DA:37,0
DA:38,0
DA:41,0
DA:42,0
DA:45,0
DA:46,0
DA:49,0
DA:56,0
DA:57,0
DA:59,0
DA:60,0
DA:63,0
DA:64,0
DA:65,0
DA:67,0
DA:68,0
DA:70,0
DA:79,0
DA:80,0
DA:81,0
DA:82,0
DA:83,0
DA:84,0
DA:89,0
DA:99,0
DA:106,0
DA:107,0
DA:114,0
DA:115,0
DA:116,0
DA:118,0
DA:119,0
DA:122,0
DA:129,0
DA:130,0
DA:131,0
DA:132,0
DA:133,0
DA:134,0
DA:139,0
DA:148,0
DA:155,0
DA:156,0
DA:158,0
DA:159,0
DA:160,0
DA:162,0
DA:163,0
DA:166,0
DA:171,0
DA:172,0
DA:173,0
DA:174,0
DA:175,0
DA:176,0
DA:181,0
DA:190,0
DA:197,0
DA:198,0
DA:200,0
DA:201,0
DA:202,0
DA:204,0
DA:205,0
DA:208,0
DA:213,0
DA:214,0
DA:215,0
DA:216,0
DA:217,0
DA:218,0
DA:223,0
DA:232,0
DA:239,0
DA:240,0
DA:242,0
DA:243,0
DA:246,0
DA:247,0
DA:250,0
DA:251,0
DA:252,0
DA:253,0
DA:254,0
DA:255,0
DA:256,0
DA:257,0
DA:269,0
DA:276,0
DA:277,0
DA:279,0
DA:280,0
DA:281,0
DA:283,0
DA:284,0
DA:287,0
DA:292,0
DA:293,0
DA:294,0
DA:295,0
DA:296,0
DA:297,0
DA:302,0
DA:311,0
DA:318,0
DA:319,0
DA:321,0
DA:322,0
DA:323,0
DA:325,0
DA:326,0
DA:327,0
DA:329,0
DA:331,0
DA:334,0
DA:341,0
DA:342,0
DA:343,0
DA:344,0
DA:345,0
DA:346,0
DA:351,0
DA:361,0
LF:137
LH:3
BRDA:46,0,0,0
BRDA:46,0,1,0
BRDA:59,1,0,0
BRDA:65,2,0,0
BRDA:65,2,1,0
BRDA:68,3,0,0
BRDA:81,4,0,0
BRDA:81,5,0,0
BRDA:81,5,1,0
BRDA:83,6,0,0
BRDA:83,7,0,0
BRDA:83,7,1,0
BRDA:83,7,2,0
BRDA:116,8,0,0
BRDA:131,9,0,0
BRDA:131,10,0,0
BRDA:131,10,1,0
BRDA:133,11,0,0
BRDA:133,12,0,0
BRDA:133,12,1,0
BRDA:133,12,2,0
BRDA:160,13,0,0
BRDA:173,14,0,0
BRDA:173,15,0,0
BRDA:173,15,1,0
BRDA:175,16,0,0
BRDA:175,17,0,0
BRDA:175,17,1,0
BRDA:175,17,2,0
BRDA:202,18,0,0
BRDA:215,19,0,0
BRDA:215,20,0,0
BRDA:215,20,1,0
BRDA:217,21,0,0
BRDA:217,22,0,0
BRDA:217,22,1,0
BRDA:217,22,2,0
BRDA:242,23,0,0
BRDA:250,24,0,0
BRDA:250,24,1,0
BRDA:254,25,0,0
BRDA:256,26,0,0
BRDA:256,27,0,0
BRDA:256,27,1,0
BRDA:256,27,2,0
BRDA:281,28,0,0
BRDA:294,29,0,0
BRDA:294,30,0,0
BRDA:294,30,1,0
BRDA:296,31,0,0
BRDA:296,32,0,0
BRDA:296,32,1,0
BRDA:296,32,2,0
BRDA:323,33,0,0
BRDA:331,34,0,0
BRDA:343,35,0,0
BRDA:343,36,0,0
BRDA:343,36,1,0
BRDA:345,37,0,0
BRDA:345,38,0,0
BRDA:345,38,1,0
BRDA:345,38,2,0
BRF:62
BRH:0
end_of_record
TN:
SF:src/port-scanner.ts
FN:8,scanProjectPorts
FN:40,scanAllProjectPorts
FN:58,shouldRescanPorts
FN:68,(anonymous_12)
FNF:4
FNH:2
FNDA:0,scanProjectPorts
FNDA:0,scanAllProjectPorts
FNDA:8,shouldRescanPorts
FNDA:9,(anonymous_12)
DA:1,1
DA:2,1
DA:3,1
DA:8,1
DA:9,0
DA:10,0
DA:12,0
DA:13,0
DA:16,0
DA:17,0
DA:21,0
DA:24,0
DA:27,0
DA:28,0
DA:40,1
DA:41,0
DA:42,0
DA:44,0
DA:45,0
DA:46,0
DA:49,0
DA:58,1
DA:59,8
DA:60,8
DA:62,8
DA:63,2
DA:67,6
DA:68,9
DA:70,6
LF:29
LH:13
BRDA:12,0,0,0
BRDA:16,1,0,0
BRDA:49,2,0,0
BRDA:49,2,1,0
BRDA:62,3,0,2
BRDA:68,4,0,9
BRDA:68,4,1,0
BRF:7
BRH:2
end_of_record
TN:
SF:src/port-utils.ts
FN:14,detectPortInUse
FN:47,getProcessOnPort
FN:104,killProcessOnPort
FN:167,extractPortFromError
FNF:4
FNH:1
FNDA:0,detectPortInUse
FNDA:0,getProcessOnPort
FNDA:0,killProcessOnPort
FNDA:25,extractPortFromError
DA:1,2
DA:2,2
DA:4,2
DA:14,2
DA:15,0
DA:16,0
DA:18,0
DA:19,0
DA:22,0
DA:23,0
DA:24,0
DA:27,0
DA:28,0
DA:31,0
DA:32,0
DA:33,0
DA:35,0
DA:40,0
DA:47,2
DA:48,0
DA:49,0
DA:51,0
DA:52,0
DA:53,0
DA:56,0
DA:57,0
DA:59,0
DA:60,0
DA:63,0
DA:64,0
DA:65,0
DA:66,0
DA:67,0
DA:69,0
DA:73,0
DA:74,0
DA:75,0
DA:76,0
DA:78,0
DA:79,0
DA:82,0
DA:83,0
DA:84,0
DA:85,0
DA:87,0
DA:90,0
DA:91,0
DA:93,0
DA:97,0
DA:104,2
DA:105,0
DA:106,0
DA:108,0
DA:109,0
DA:110,0
DA:112,0
DA:113,0
DA:114,0
DA:115,0
DA:116,0
DA:117,0
DA:121,0
DA:122,0
DA:123,0
DA:124,0
DA:125,0
DA:130,0
DA:133,0
DA:134,0
DA:135,0
DA:136,0
DA:138,0
DA:139,0
DA:140,0
DA:141,0
DA:142,0
DA:143,0
DA:144,0
DA:150,0
DA:152,0
DA:153,0
DA:155,0
DA:159,0
DA:167,2
DA:175,25
DA:183,25
DA:184,50
DA:185,50
DA:186,24
DA:187,24
DA:188,22
DA:193,3
LF:92
LH:15
BRDA:16,0,0,0
BRDA:16,0,1,0
BRDA:27,1,0,0
BRDA:49,2,0,0
BRDA:49,2,1,0
BRDA:53,3,0,0
BRDA:57,4,0,0
BRDA:60,5,0,0
BRDA:66,6,0,0
BRDA:66,6,1,0
BRDA:76,7,0,0
BRDA:79,8,0,0
BRDA:84,9,0,0
BRDA:84,9,1,0
BRDA:90,10,0,0
BRDA:106,11,0,0
BRDA:106,11,1,0
BRDA:110,12,0,0
BRDA:116,13,0,0
BRDA:136,14,0,0
BRDA:141,15,0,0
BRDA:152,16,0,0
BRDA:185,17,0,24
BRDA:185,18,0,50
BRDA:185,18,1,24
BRDA:187,19,0,22
BRDA:187,20,0,24
BRDA:187,20,1,24
BRDA:187,20,2,23
BRF:29
BRH:7
end_of_record
TN:
SF:src/script-runner.ts
FN:25,detectProjectType
FN:47,parseNodeScripts
FN:78,parsePythonScripts
FN:139,parseRustScripts
FN:167,parseMakefileScripts
FN:207,getProjectScripts
FN:267,handlePortConflict
FN:292,(anonymous_16)
FN:321,checkPortsBeforeExecution
FN:356,runScript
FN:362,(anonymous_19)
FN:444,(anonymous_20)
FN:451,(anonymous_21)
FN:457,(anonymous_22)
FN:488,(anonymous_23)
FN:509,getProcessesFilePath
FN:520,loadProcesses
FN:536,saveProcesses
FN:544,addProcess
FN:553,removeProcess
FN:555,(anonymous_29)
FN:562,getProjectProcesses
FN:564,(anonymous_31)
FN:570,isProcessRunning
FN:595,cleanupDeadProcesses
FN:614,getRunningProcesses
FN:621,getRunningProcessesClean
FN:629,extractUrlsFromOutput
FN:655,updateProcessUrls
FN:657,(anonymous_38)
FN:668,(anonymous_39)
FN:676,stopScript
FN:679,(anonymous_41)
FN:738,stopScriptByPort
FN:747,(anonymous_43)
FN:765,stopProjectProcesses
FN:781,runScriptInBackground
FN:788,(anonymous_46)
FN:886,(anonymous_47)
FN:893,(anonymous_48)
FN:915,(anonymous_49)
FN:940,(anonymous_50)
FN:943,(anonymous_51)
FN:968,(anonymous_52)
FN:992,(anonymous_53)
FN:1006,(anonymous_54)
FN:1011,(anonymous_55)
FN:1023,checkAndParseTestResults
FN:1027,(anonymous_57)
FN:1047,(anonymous_58)
FNF:50
FNH:13
FNDA:26,detectProjectType
FNDA:5,parseNodeScripts
FNDA:4,parsePythonScripts
FNDA:1,parseRustScripts
FNDA:8,parseMakefileScripts
FNDA:18,getProjectScripts
FNDA:0,handlePortConflict
FNDA:0,(anonymous_16)
FNDA:0,checkPortsBeforeExecution
FNDA:0,runScript
FNDA:0,(anonymous_19)
FNDA:0,(anonymous_20)
FNDA:0,(anonymous_21)
FNDA:0,(anonymous_22)
FNDA:0,(anonymous_23)
FNDA:12,getProcessesFilePath
FNDA:10,loadProcesses
FNDA:2,saveProcesses
FNDA:0,addProcess
FNDA:2,removeProcess
FNDA:3,(anonymous_29)
FNDA:3,getProjectProcesses
FNDA:6,(anonymous_31)
FNDA:0,isProcessRunning
FNDA:0,cleanupDeadProcesses
FNDA:0,getRunningProcesses
FNDA:0,getRunningProcessesClean
FNDA:0,extractUrlsFromOutput
FNDA:0,updateProcessUrls
FNDA:0,(anonymous_38)
FNDA:0,(anonymous_39)
FNDA:0,stopScript
FNDA:0,(anonymous_41)
FNDA:0,stopScriptByPort
FNDA:0,(anonymous_43)
FNDA:0,stopProjectProcesses
FNDA:0,runScriptInBackground
FNDA:0,(anonymous_46)
FNDA:0,(anonymous_47)
FNDA:0,(anonymous_48)
FNDA:0,(anonymous_49)
FNDA:0,(anonymous_50)
FNDA:0,(anonymous_51)
FNDA:0,(anonymous_52)
FNDA:0,(anonymous_53)
FNDA:0,(anonymous_54)
FNDA:0,(anonymous_55)
FNDA:0,checkAndParseTestResults
FNDA:0,(anonymous_57)
FNDA:0,(anonymous_58)
DA:1,1
DA:2,1
DA:3,1
DA:4,1
DA:5,1
DA:6,1
DA:25,1
DA:26,26
DA:27,7
DA:29,19
DA:30,5
DA:32,14
DA:33,2
DA:35,12
DA:36,3
DA:38,9
DA:39,7
DA:41,2
DA:48,5
DA:49,5
DA:50,0
DA:53,5
DA:54,5
DA:55,4
DA:56,4
DA:58,4
DA:59,6
DA:60,5
DA:69,4
DA:71,1
DA:79,4
DA:80,4
DA:81,0
DA:84,4
DA:85,4
DA:86,4
DA:90,4
DA:91,4
DA:92,2
DA:93,2
DA:95,2
DA:96,6
DA:97,6
DA:98,3
DA:99,3
DA:110,4
DA:111,4
DA:112,2
DA:113,2
DA:115,2
DA:116,5
DA:117,5
DA:118,3
DA:119,3
DA:129,4
DA:131,0
DA:140,1
DA:143,1
DA:152,1
DA:153,6
DA:161,1
DA:168,8
DA:172,8
DA:173,2
DA:176,6
DA:177,6
DA:178,6
DA:182,6
DA:185,6
DA:186,12
DA:188,12
DA:189,12
DA:198,6
DA:200,0
DA:207,1
DA:208,18
DA:209,18
DA:211,18
DA:213,5
DA:214,5
DA:216,4
DA:217,4
DA:219,1
DA:220,1
DA:222,5
DA:223,5
DA:227,2
DA:228,2
DA:229,1
DA:232,1
DA:238,1
DA:244,1
DA:251,2
DA:254,1
DA:255,1
DA:258,18
DA:272,0
DA:274,0
DA:275,0
DA:276,0
DA:279,0
DA:281,0
DA:282,0
DA:283,0
DA:284,0
DA:285,0
DA:286,0
DA:288,0
DA:289,0
DA:292,0
DA:293,0
DA:302,0
DA:303,0
DA:304,0
DA:305,0
DA:306,0
DA:308,0
DA:309,0
DA:312,0
DA:313,0
DA:326,0
DA:327,0
DA:328,0
DA:330,0
DA:331,0
DA:333,0
DA:334,0
DA:335,0
DA:336,0
DA:337,0
DA:340,0
DA:343,0
DA:344,0
DA:345,0
DA:346,0
DA:350,0
DA:356,1
DA:362,0
DA:363,0
DA:364,0
DA:366,0
DA:367,0
DA:368,0
DA:372,0
DA:373,0
DA:374,0
DA:375,0
DA:381,0
DA:383,0
DA:384,0
DA:385,0
DA:387,0
DA:388,0
DA:389,0
DA:391,0
DA:392,0
DA:393,0
DA:395,0
DA:396,0
DA:397,0
DA:399,0
DA:401,0
DA:402,0
DA:403,0
DA:405,0
DA:406,0
DA:407,0
DA:409,0
DA:410,0
DA:411,0
DA:412,0
DA:414,0
DA:416,0
DA:418,0
DA:419,0
DA:420,0
DA:423,0
DA:424,0
DA:425,0
DA:426,0
DA:429,0
DA:430,0
DA:433,0
DA:434,0
DA:436,0
DA:443,0
DA:444,0
DA:445,0
DA:446,0
DA:450,0
DA:451,0
DA:452,0
DA:453,0
DA:457,0
DA:458,0
DA:459,0
DA:462,0
DA:463,0
DA:465,0
DA:466,0
DA:467,0
DA:468,0
DA:470,0
DA:471,0
DA:473,0
DA:474,0
DA:475,0
DA:477,0
DA:480,0
DA:483,0
DA:488,0
DA:489,0
DA:510,12
DA:511,12
DA:512,2
DA:514,12
DA:520,1
DA:521,10
DA:522,10
DA:523,2
DA:525,8
DA:526,8
DA:527,8
DA:529,1
DA:537,2
DA:538,2
DA:545,0
DA:546,0
DA:547,0
DA:553,1
DA:554,2
DA:555,3
DA:556,2
DA:562,1
DA:563,3
DA:564,6
DA:571,0
DA:572,0
DA:573,0
DA:574,0
DA:575,0
DA:576,0
DA:577,0
DA:580,0
DA:581,0
DA:582,0
DA:584,0
DA:588,0
DA:596,0
DA:597,0
DA:599,0
DA:600,0
DA:601,0
DA:602,0
DA:606,0
DA:607,0
DA:614,1
DA:615,0
DA:621,1
DA:622,0
DA:623,0
DA:630,0
DA:631,0
DA:639,0
DA:640,0
DA:641,0
DA:642,0
DA:643,0
DA:644,0
DA:649,0
DA:656,0
DA:657,0
DA:658,0
DA:659,0
DA:661,0
DA:662,0
DA:663,0
DA:664,0
DA:665,0
DA:668,0
DA:669,0
DA:676,1
DA:677,0
DA:678,0
DA:679,0
DA:681,0
DA:682,0
DA:686,0
DA:687,0
DA:688,0
DA:689,0
DA:690,0
DA:691,0
DA:692,0
DA:693,0
DA:695,0
DA:696,0
DA:697,0
DA:698,0
DA:699,0
DA:703,0
DA:707,0
DA:708,0
DA:709,0
DA:710,0
DA:711,0
DA:712,0
DA:713,0
DA:715,0
DA:716,0
DA:717,0
DA:718,0
DA:722,0
DA:727,0
DA:728,0
DA:730,0
DA:731,0
DA:738,1
DA:739,0
DA:740,0
DA:741,0
DA:742,0
DA:746,0
DA:747,0
DA:749,0
DA:751,0
DA:754,0
DA:755,0
DA:758,0
DA:765,1
DA:766,0
DA:767,0
DA:769,0
DA:770,0
DA:771,0
DA:775,0
DA:781,1
DA:788,0
DA:789,0
DA:790,0
DA:792,0
DA:793,0
DA:794,0
DA:798,0
DA:799,0
DA:800,0
DA:801,0
DA:807,0
DA:809,0
DA:810,0
DA:811,0
DA:813,0
DA:814,0
DA:815,0
DA:817,0
DA:818,0
DA:819,0
DA:821,0
DA:822,0
DA:823,0
DA:825,0
DA:826,0
DA:827,0
DA:828,0
DA:830,0
DA:831,0
DA:832,0
DA:834,0
DA:835,0
DA:836,0
DA:837,0
DA:839,0
DA:841,0
DA:843,0
DA:844,0
DA:845,0
DA:847,0
DA:848,0
DA:849,0
DA:850,0
DA:854,0
DA:855,0
DA:856,0
DA:857,0
DA:859,0
DA:862,0
DA:866,0
DA:867,0
DA:874,0
DA:875,0
DA:876,0
DA:879,0
DA:880,0
DA:881,0
DA:882,0
DA:886,0
DA:887,0
DA:888,0
DA:893,0
DA:894,0
DA:895,0
DA:902,0
DA:912,0
DA:915,0
DA:917,0
DA:920,0
DA:921,0
DA:922,0
DA:923,0
DA:927,0
DA:931,0
DA:934,0
DA:935,0
DA:936,0
DA:940,0
DA:941,0
DA:943,0
DA:945,0
DA:946,0
DA:949,0
DA:950,0
DA:951,0
DA:952,0
DA:953,0
DA:957,0
DA:958,0
DA:959,0
DA:968,0
DA:969,0
DA:970,0
DA:971,0
DA:972,0
DA:973,0
DA:974,0
DA:975,0
DA:976,0
DA:977,0
DA:980,0
DA:981,0
DA:991,0
DA:992,0
DA:993,0
DA:996,0
DA:997,0
DA:998,0
DA:1001,0
DA:1004,0
DA:1005,0
DA:1006,0
DA:1007,0
DA:1011,0
DA:1016,0
DA:1024,0
DA:1026,0
DA:1027,0
DA:1029,0
DA:1030,0
DA:1034,0
DA:1035,0
DA:1038,0
DA:1041,0
DA:1042,0
DA:1044,0
DA:1047,0
DA:1050,0
DA:1051,0
DA:1055,0
DA:1056,0
DA:1057,0
DA:1061,0
DA:1062,0
DA:1063,0
DA:1064,0
DA:1068,0
DA:1081,0
DA:1084,0
LF:476
LH:120
BRDA:26,0,0,7
BRDA:29,1,0,5
BRDA:32,2,0,2
BRDA:35,3,0,3
BRDA:38,4,0,7
BRDA:38,5,0,9
BRDA:38,5,1,2
BRDA:49,6,0,0
BRDA:55,7,0,4
BRDA:55,7,1,1
BRDA:59,8,0,5
BRDA:80,9,0,0
BRDA:91,10,0,2
BRDA:97,11,0,3
BRDA:111,12,0,2
BRDA:117,13,0,3
BRDA:168,14,0,6
BRDA:168,14,1,2
BRDA:172,15,0,2
BRDA:188,16,0,12
BRDA:188,17,0,12
BRDA:188,17,1,12
BRDA:211,18,0,5
BRDA:211,18,1,4
BRDA:211,18,2,1
BRDA:211,18,3,5
BRDA:211,18,4,2
BRDA:211,18,5,1
BRDA:228,19,0,1
BRDA:228,19,1,1
BRDA:274,20,0,0
BRDA:281,21,0,0
BRDA:281,21,1,0
BRDA:284,22,0,0
BRDA:284,22,1,0
BRDA:302,23,0,0
BRDA:302,23,1,0
BRDA:304,24,0,0
BRDA:304,24,1,0
BRDA:328,25,0,0
BRDA:331,26,0,0
BRDA:336,27,0,0
BRDA:345,28,0,0
BRDA:359,29,0,0
BRDA:360,30,0,0
BRDA:366,31,0,0
BRDA:373,32,0,0
BRDA:381,33,0,0
BRDA:381,33,1,0
BRDA:381,33,2,0
BRDA:381,33,3,0
BRDA:381,33,4,0
BRDA:381,33,5,0
BRDA:381,33,6,0
BRDA:381,33,7,0
BRDA:381,33,8,0
BRDA:406,34,0,0
BRDA:406,34,1,0
BRDA:411,35,0,0
BRDA:411,35,1,0
BRDA:411,36,0,0
BRDA:411,36,1,0
BRDA:443,37,0,0
BRDA:450,38,0,0
BRDA:458,39,0,0
BRDA:458,39,1,0
BRDA:465,40,0,0
BRDA:465,40,1,0
BRDA:468,41,0,0
BRDA:468,41,1,0
BRDA:471,42,0,0
BRDA:471,42,1,0
BRDA:511,43,0,2
BRDA:522,44,0,2
BRDA:572,45,0,0
BRDA:572,45,1,0
BRDA:601,46,0,0
BRDA:606,47,0,0
BRDA:642,48,0,0
BRDA:642,48,1,0
BRDA:643,49,0,0
BRDA:643,50,0,0
BRDA:643,50,1,0
BRDA:658,51,0,0
BRDA:664,52,0,0
BRDA:681,53,0,0
BRDA:688,54,0,0
BRDA:688,54,1,0
BRDA:707,55,0,0
BRDA:709,56,0,0
BRDA:709,56,1,0
BRDA:741,57,0,0
BRDA:749,58,0,0
BRDA:749,58,1,0
BRDA:770,59,0,0
BRDA:785,60,0,0
BRDA:786,61,0,0
BRDA:792,62,0,0
BRDA:799,63,0,0
BRDA:807,64,0,0
BRDA:807,64,1,0
BRDA:807,64,2,0
BRDA:807,64,3,0
BRDA:807,64,4,0
BRDA:807,64,5,0
BRDA:807,64,6,0
BRDA:807,64,7,0
BRDA:807,64,8,0
BRDA:831,65,0,0
BRDA:831,65,1,0
BRDA:836,66,0,0
BRDA:836,66,1,0
BRDA:836,67,0,0
BRDA:836,67,1,0
BRDA:856,68,0,0
BRDA:875,69,0,0
BRDA:875,69,1,0
BRDA:879,70,0,0
BRDA:920,71,0,0
BRDA:920,71,1,0
BRDA:922,72,0,0
BRDA:945,73,0,0
BRDA:950,74,0,0
BRDA:958,75,0,0
BRDA:972,76,0,0
BRDA:976,77,0,0
BRDA:980,78,0,0
BRDA:996,79,0,0
BRDA:996,80,0,0
BRDA:996,80,1,0
BRDA:1004,81,0,0
BRDA:1029,82,0,0
BRDA:1034,83,0,0
BRDA:1042,84,0,0
BRDA:1050,85,0,0
BRDA:1056,86,0,0
BRDA:1063,87,0,0
BRF:137
BRH:30
end_of_record
TN:
SF:src/test-parser.ts
FN:16,parseTestOutput
FN:56,parseJestVitestOutput
FN:93,parseMochaOutput
FN:126,parsePytestOutput
FN:154,parseUnittestOutput
FN:183,parseGenericOutput
FN:218,isTestOutput
FN:235,(anonymous_7)
FNF:8
FNH:0
FNDA:0,parseTestOutput
FNDA:0,parseJestVitestOutput
FNDA:0,parseMochaOutput
FNDA:0,parsePytestOutput
FNDA:0,parseUnittestOutput
FNDA:0,parseGenericOutput
FNDA:0,isTestOutput
FNDA:0,(anonymous_7)
DA:16,0
DA:17,0
DA:28,0
DA:30,0
DA:31,0
DA:33,0
DA:34,0
DA:36,0
DA:37,0
DA:39,0
DA:42,0
DA:46,0
DA:47,0
DA:50,0
DA:62,0
DA:63,0
DA:64,0
DA:65,0
DA:66,0
DA:68,0
DA:69,0
DA:70,0
DA:71,0
DA:74,0
DA:75,0
DA:78,0
DA:79,0
DA:82,0
DA:83,0
DA:87,0
DA:99,0
DA:100,0
DA:101,0
DA:102,0
DA:104,0
DA:105,0
DA:108,0
DA:109,0
DA:112,0
DA:113,0
DA:116,0
DA:117,0
DA:120,0
DA:130,0
DA:132,0
DA:133,0
DA:134,0
DA:135,0
DA:137,0
DA:138,0
DA:143,0
DA:144,0
DA:145,0
DA:148,0
DA:160,0
DA:161,0
DA:163,0
DA:164,0
DA:165,0
DA:168,0
DA:169,0
DA:170,0
DA:171,0
DA:172,0
DA:173,0
DA:174,0
DA:177,0
DA:184,0
DA:195,0
DA:203,0
DA:204,0
DA:205,0
DA:206,0
DA:210,0
DA:212,0
DA:218,0
DA:219,0
DA:235,0
LF:78
LH:0
BRDA:28,0,0,0
BRDA:28,0,1,0
BRDA:28,1,0,0
BRDA:28,1,1,0
BRDA:28,1,2,0
BRDA:31,2,0,0
BRDA:31,2,1,0
BRDA:31,3,0,0
BRDA:31,3,1,0
BRDA:34,4,0,0
BRDA:34,4,1,0
BRDA:34,5,0,0
BRDA:34,5,1,0
BRDA:34,5,2,0
BRDA:37,6,0,0
BRDA:37,6,1,0
BRDA:37,7,0,0
BRDA:37,7,1,0
BRDA:46,8,0,0
BRDA:50,9,0,0
BRDA:50,9,1,0
BRDA:68,10,0,0
BRDA:69,11,0,0
BRDA:69,11,1,0
BRDA:70,12,0,0
BRDA:70,12,1,0
BRDA:71,13,0,0
BRDA:71,13,1,0
BRDA:74,14,0,0
BRDA:78,15,0,0
BRDA:82,16,0,0
BRDA:87,17,0,0
BRDA:87,17,1,0
BRDA:104,18,0,0
BRDA:108,19,0,0
BRDA:112,20,0,0
BRDA:116,21,0,0
BRDA:132,22,0,0
BRDA:133,23,0,0
BRDA:133,23,1,0
BRDA:134,24,0,0
BRDA:134,24,1,0
BRDA:135,25,0,0
BRDA:135,25,1,0
BRDA:137,26,0,0
BRDA:144,27,0,0
BRDA:163,28,0,0
BRDA:168,29,0,0
BRDA:168,29,1,0
BRDA:169,30,0,0
BRDA:169,30,1,0
BRDA:170,31,0,0
BRDA:170,31,1,0
BRDA:173,32,0,0
BRDA:205,33,0,0
BRDA:205,34,0,0
BRDA:205,34,1,0
BRDA:212,35,0,0
BRDA:212,35,1,0
BRF:59
BRH:0
end_of_record
